[0.000000] (-) TimerEvent: {}
[0.000266] (-) JobUnselected: {'identifier': 'ugv_bringup'}
[0.000457] (-) JobUnselected: {'identifier': 'ugv_chat_ai'}
[0.000481] (-) JobUnselected: {'identifier': 'ugv_description'}
[0.000500] (-) JobUnselected: {'identifier': 'ugv_gazebo'}
[0.000517] (-) JobUnselected: {'identifier': 'ugv_nav'}
[0.000534] (-) JobUnselected: {'identifier': 'ugv_slam'}
[0.000551] (-) JobUnselected: {'identifier': 'ugv_tools'}
[0.000567] (-) JobUnselected: {'identifier': 'ugv_vision'}
[0.000584] (-) JobUnselected: {'identifier': 'ugv_web_app'}
[0.000602] (apriltag) JobQueued: {'identifier': 'apriltag', 'dependencies': OrderedDict()}
[0.000623] (apriltag_msgs) JobQueued: {'identifier': 'apriltag_msgs', 'dependencies': OrderedDict()}
[0.000642] (cartographer) JobQueued: {'identifier': 'cartographer', 'dependencies': OrderedDict()}
[0.000659] (costmap_converter_msgs) JobQueued: {'identifier': 'costmap_converter_msgs', 'dependencies': OrderedDict()}
[0.000684] (emcl2) JobQueued: {'identifier': 'emcl2', 'dependencies': OrderedDict()}
[0.001156] (explore_lite) JobQueued: {'identifier': 'explore_lite', 'dependencies': OrderedDict()}
[0.001175] (ldlidar) JobQueued: {'identifier': 'ldlidar', 'dependencies': OrderedDict()}
[0.001192] (openslam_gmapping) JobQueued: {'identifier': 'openslam_gmapping', 'dependencies': OrderedDict()}
[0.001208] (rf2o_laser_odometry) JobQueued: {'identifier': 'rf2o_laser_odometry', 'dependencies': OrderedDict()}
[0.001225] (robot_pose_publisher) JobQueued: {'identifier': 'robot_pose_publisher', 'dependencies': OrderedDict()}
[0.001250] (ugv_base_node) JobQueued: {'identifier': 'ugv_base_node', 'dependencies': OrderedDict()}
[0.001268] (ugv_interface) JobQueued: {'identifier': 'ugv_interface', 'dependencies': OrderedDict()}
[0.001284] (vizanti_cpp) JobQueued: {'identifier': 'vizanti_cpp', 'dependencies': OrderedDict()}
[0.001300] (vizanti_msgs) JobQueued: {'identifier': 'vizanti_msgs', 'dependencies': OrderedDict()}
[0.001316] (apriltag_ros) JobQueued: {'identifier': 'apriltag_ros', 'dependencies': OrderedDict({'apriltag': '/home/rocketsky/Library/ugv_ws/install/apriltag', 'apriltag_msgs': '/home/rocketsky/Library/ugv_ws/install/apriltag_msgs'})}
[0.001341] (costmap_converter) JobQueued: {'identifier': 'costmap_converter', 'dependencies': OrderedDict({'costmap_converter_msgs': '/home/rocketsky/Library/ugv_ws/install/costmap_converter_msgs'})}
[0.001362] (slam_gmapping) JobQueued: {'identifier': 'slam_gmapping', 'dependencies': OrderedDict({'openslam_gmapping': '/home/rocketsky/Library/ugv_ws/install/openslam_gmapping'})}
[0.001381] (teb_msgs) JobQueued: {'identifier': 'teb_msgs', 'dependencies': OrderedDict({'costmap_converter_msgs': '/home/rocketsky/Library/ugv_ws/install/costmap_converter_msgs'})}
[0.001399] (vizanti_demos) JobQueued: {'identifier': 'vizanti_demos', 'dependencies': OrderedDict({'vizanti_msgs': '/home/rocketsky/Library/ugv_ws/install/vizanti_msgs'})}
[0.001419] (vizanti_server) JobQueued: {'identifier': 'vizanti_server', 'dependencies': OrderedDict({'vizanti_msgs': '/home/rocketsky/Library/ugv_ws/install/vizanti_msgs'})}
[0.001437] (teb_local_planner) JobQueued: {'identifier': 'teb_local_planner', 'dependencies': OrderedDict({'costmap_converter_msgs': '/home/rocketsky/Library/ugv_ws/install/costmap_converter_msgs', 'costmap_converter': '/home/rocketsky/Library/ugv_ws/install/costmap_converter', 'teb_msgs': '/home/rocketsky/Library/ugv_ws/install/teb_msgs'})}
[0.001460] (vizanti) JobQueued: {'identifier': 'vizanti', 'dependencies': OrderedDict({'vizanti_msgs': '/home/rocketsky/Library/ugv_ws/install/vizanti_msgs', 'vizanti_server': '/home/rocketsky/Library/ugv_ws/install/vizanti_server'})}
[0.001480] (costmap_converter_msgs) JobStarted: {'identifier': 'costmap_converter_msgs'}
[0.009290] (vizanti_msgs) JobStarted: {'identifier': 'vizanti_msgs'}
[0.014858] (apriltag) JobStarted: {'identifier': 'apriltag'}
[0.020274] (apriltag_msgs) JobStarted: {'identifier': 'apriltag_msgs'}
[0.027632] (costmap_converter_msgs) JobProgress: {'identifier': 'costmap_converter_msgs', 'progress': 'cmake'}
[0.027897] (costmap_converter_msgs) Command: {'cmd': ['/usr/bin/cmake', '/home/rocketsky/Library/ugv_ws/src/ugv_else/costmap_converter/costmap_converter_msgs', '-DCMAKE_INSTALL_PREFIX=/home/rocketsky/Library/ugv_ws/install/costmap_converter_msgs'], 'cwd': '/home/rocketsky/Library/ugv_ws/build/costmap_converter_msgs', 'env': OrderedDict({'LESSOPEN': '| /usr/bin/lesspipe %s', 'USER': 'rocketsky', 'SSH_CLIENT': '192.168.3.146 61253 22', 'XDG_SESSION_TYPE': 'tty', 'SHLVL': '2', 'LD_LIBRARY_PATH': '/opt/ros/jazzy/opt/rviz_ogre_vendor/lib:/opt/ros/jazzy/lib/aarch64-linux-gnu:/opt/ros/jazzy/opt/gz_math_vendor/lib:/opt/ros/jazzy/opt/gz_utils_vendor/lib:/opt/ros/jazzy/opt/gz_cmake_vendor/lib:/opt/ros/jazzy/lib', 'HOME': '/home/rocketsky', 'CONDA_SHLVL': '0', 'OLDPWD': '/home/rocketsky/Library', 'SSH_TTY': '/dev/pts/0', 'ROS_PYTHON_VERSION': '3', 'DBUS_SESSION_BUS_ADDRESS': 'unix:path=/run/user/1002/bus', '_CE_M': '', 'DEBUGINFOD_URLS': 'https://debuginfod.ubuntu.com', 'ROS_DISTRO': 'jazzy', 'LOGNAME': 'rocketsky', '_': '/usr/bin/colcon', 'ROS_VERSION': '2', 'XDG_SESSION_CLASS': 'user', 'TERM': 'xterm-256color', 'XDG_SESSION_ID': '4', '_CE_CONDA': '', 'PATH': '/opt/ros/jazzy/bin:/home/rocketsky/miniconda3/condabin:/usr/local/sbin:/usr/local/bin:/usr/sbin:/usr/bin:/sbin:/bin:/usr/games:/usr/local/games:/snap/bin', 'XDG_RUNTIME_DIR': '/run/user/1002', 'LANG': 'C.UTF-8', 'LS_COLORS': 'rs=0:di=01;34:ln=01;36:mh=00:pi=40;33:so=01;35:do=01;35:bd=40;33;01:cd=40;33;01:or=40;31;01:mi=00:su=37;41:sg=30;43:ca=00:tw=30;42:ow=34;42:st=37;44:ex=01;32:*.tar=01;31:*.tgz=01;31:*.arc=01;31:*.arj=01;31:*.taz=01;31:*.lha=01;31:*.lz4=01;31:*.lzh=01;31:*.lzma=01;31:*.tlz=01;31:*.txz=01;31:*.tzo=01;31:*.t7z=01;31:*.zip=01;31:*.z=01;31:*.dz=01;31:*.gz=01;31:*.lrz=01;31:*.lz=01;31:*.lzo=01;31:*.xz=01;31:*.zst=01;31:*.tzst=01;31:*.bz2=01;31:*.bz=01;31:*.tbz=01;31:*.tbz2=01;31:*.tz=01;31:*.deb=01;31:*.rpm=01;31:*.jar=01;31:*.war=01;31:*.ear=01;31:*.sar=01;31:*.rar=01;31:*.alz=01;31:*.ace=01;31:*.zoo=01;31:*.cpio=01;31:*.7z=01;31:*.rz=01;31:*.cab=01;31:*.wim=01;31:*.swm=01;31:*.dwm=01;31:*.esd=01;31:*.avif=01;35:*.jpg=01;35:*.jpeg=01;35:*.mjpg=01;35:*.mjpeg=01;35:*.gif=01;35:*.bmp=01;35:*.pbm=01;35:*.pgm=01;35:*.ppm=01;35:*.tga=01;35:*.xbm=01;35:*.xpm=01;35:*.tif=01;35:*.tiff=01;35:*.png=01;35:*.svg=01;35:*.svgz=01;35:*.mng=01;35:*.pcx=01;35:*.mov=01;35:*.mpg=01;35:*.mpeg=01;35:*.m2v=01;35:*.mkv=01;35:*.webm=01;35:*.webp=01;35:*.ogm=01;35:*.mp4=01;35:*.m4v=01;35:*.mp4v=01;35:*.vob=01;35:*.qt=01;35:*.nuv=01;35:*.wmv=01;35:*.asf=01;35:*.rm=01;35:*.rmvb=01;35:*.flc=01;35:*.avi=01;35:*.fli=01;35:*.flv=01;35:*.gl=01;35:*.dl=01;35:*.xcf=01;35:*.xwd=01;35:*.yuv=01;35:*.cgm=01;35:*.emf=01;35:*.ogv=01;35:*.ogx=01;35:*.aac=00;36:*.au=00;36:*.flac=00;36:*.m4a=00;36:*.mid=00;36:*.midi=00;36:*.mka=00;36:*.mp3=00;36:*.mpc=00;36:*.ogg=00;36:*.ra=00;36:*.wav=00;36:*.oga=00;36:*.opus=00;36:*.spx=00;36:*.xspf=00;36:*~=00;90:*#=00;90:*.bak=00;90:*.crdownload=00;90:*.dpkg-dist=00;90:*.dpkg-new=00;90:*.dpkg-old=00;90:*.dpkg-tmp=00;90:*.old=00;90:*.orig=00;90:*.part=00;90:*.rej=00;90:*.rpmnew=00;90:*.rpmorig=00;90:*.rpmsave=00;90:*.swp=00;90:*.tmp=00;90:*.ucf-dist=00;90:*.ucf-new=00;90:*.ucf-old=00;90:', 'AMENT_PREFIX_PATH': '/opt/ros/jazzy', 'CONDA_PYTHON_EXE': '/home/rocketsky/miniconda3/bin/python', 'SHELL': '/bin/bash', 'LESSCLOSE': '/usr/bin/lesspipe %s %s', 'ROS_AUTOMATIC_DISCOVERY_RANGE': 'SUBNET', 'PWD': '/home/rocketsky/Library/ugv_ws/build/costmap_converter_msgs', 'CONDA_EXE': '/home/rocketsky/miniconda3/bin/conda', 'SSH_CONNECTION': '192.168.3.146 61253 192.168.3.151 22', 'XDG_DATA_DIRS': '/usr/share/gnome:/home/rocketsky/.local/share/flatpak/exports/share:/var/lib/flatpak/exports/share:/usr/local/share:/usr/share:/var/lib/snapd/desktop', 'PYTHONPATH': '/opt/ros/jazzy/lib/python3.12/site-packages', 'COLCON': '1', 'CMAKE_PREFIX_PATH': '/opt/ros/jazzy/opt/gz_math_vendor:/opt/ros/jazzy/opt/gz_utils_vendor:/opt/ros/jazzy/opt/gz_cmake_vendor:/opt/ros/jazzy'}), 'shell': False}
[0.031031] (vizanti_msgs) JobProgress: {'identifier': 'vizanti_msgs', 'progress': 'cmake'}
[0.031245] (vizanti_msgs) Command: {'cmd': ['/usr/bin/cmake', '/home/rocketsky/Library/ugv_ws/src/ugv_else/vizanti/vizanti_msgs', '-DCMAKE_INSTALL_PREFIX=/home/rocketsky/Library/ugv_ws/install/vizanti_msgs'], 'cwd': '/home/rocketsky/Library/ugv_ws/build/vizanti_msgs', 'env': OrderedDict({'LESSOPEN': '| /usr/bin/lesspipe %s', 'USER': 'rocketsky', 'SSH_CLIENT': '192.168.3.146 61253 22', 'XDG_SESSION_TYPE': 'tty', 'SHLVL': '2', 'LD_LIBRARY_PATH': '/opt/ros/jazzy/opt/rviz_ogre_vendor/lib:/opt/ros/jazzy/lib/aarch64-linux-gnu:/opt/ros/jazzy/opt/gz_math_vendor/lib:/opt/ros/jazzy/opt/gz_utils_vendor/lib:/opt/ros/jazzy/opt/gz_cmake_vendor/lib:/opt/ros/jazzy/lib', 'HOME': '/home/rocketsky', 'CONDA_SHLVL': '0', 'OLDPWD': '/home/rocketsky/Library', 'SSH_TTY': '/dev/pts/0', 'ROS_PYTHON_VERSION': '3', 'DBUS_SESSION_BUS_ADDRESS': 'unix:path=/run/user/1002/bus', '_CE_M': '', 'DEBUGINFOD_URLS': 'https://debuginfod.ubuntu.com', 'ROS_DISTRO': 'jazzy', 'LOGNAME': 'rocketsky', '_': '/usr/bin/colcon', 'ROS_VERSION': '2', 'XDG_SESSION_CLASS': 'user', 'TERM': 'xterm-256color', 'XDG_SESSION_ID': '4', '_CE_CONDA': '', 'PATH': '/opt/ros/jazzy/bin:/home/rocketsky/miniconda3/condabin:/usr/local/sbin:/usr/local/bin:/usr/sbin:/usr/bin:/sbin:/bin:/usr/games:/usr/local/games:/snap/bin', 'XDG_RUNTIME_DIR': '/run/user/1002', 'LANG': 'C.UTF-8', 'LS_COLORS': 'rs=0:di=01;34:ln=01;36:mh=00:pi=40;33:so=01;35:do=01;35:bd=40;33;01:cd=40;33;01:or=40;31;01:mi=00:su=37;41:sg=30;43:ca=00:tw=30;42:ow=34;42:st=37;44:ex=01;32:*.tar=01;31:*.tgz=01;31:*.arc=01;31:*.arj=01;31:*.taz=01;31:*.lha=01;31:*.lz4=01;31:*.lzh=01;31:*.lzma=01;31:*.tlz=01;31:*.txz=01;31:*.tzo=01;31:*.t7z=01;31:*.zip=01;31:*.z=01;31:*.dz=01;31:*.gz=01;31:*.lrz=01;31:*.lz=01;31:*.lzo=01;31:*.xz=01;31:*.zst=01;31:*.tzst=01;31:*.bz2=01;31:*.bz=01;31:*.tbz=01;31:*.tbz2=01;31:*.tz=01;31:*.deb=01;31:*.rpm=01;31:*.jar=01;31:*.war=01;31:*.ear=01;31:*.sar=01;31:*.rar=01;31:*.alz=01;31:*.ace=01;31:*.zoo=01;31:*.cpio=01;31:*.7z=01;31:*.rz=01;31:*.cab=01;31:*.wim=01;31:*.swm=01;31:*.dwm=01;31:*.esd=01;31:*.avif=01;35:*.jpg=01;35:*.jpeg=01;35:*.mjpg=01;35:*.mjpeg=01;35:*.gif=01;35:*.bmp=01;35:*.pbm=01;35:*.pgm=01;35:*.ppm=01;35:*.tga=01;35:*.xbm=01;35:*.xpm=01;35:*.tif=01;35:*.tiff=01;35:*.png=01;35:*.svg=01;35:*.svgz=01;35:*.mng=01;35:*.pcx=01;35:*.mov=01;35:*.mpg=01;35:*.mpeg=01;35:*.m2v=01;35:*.mkv=01;35:*.webm=01;35:*.webp=01;35:*.ogm=01;35:*.mp4=01;35:*.m4v=01;35:*.mp4v=01;35:*.vob=01;35:*.qt=01;35:*.nuv=01;35:*.wmv=01;35:*.asf=01;35:*.rm=01;35:*.rmvb=01;35:*.flc=01;35:*.avi=01;35:*.fli=01;35:*.flv=01;35:*.gl=01;35:*.dl=01;35:*.xcf=01;35:*.xwd=01;35:*.yuv=01;35:*.cgm=01;35:*.emf=01;35:*.ogv=01;35:*.ogx=01;35:*.aac=00;36:*.au=00;36:*.flac=00;36:*.m4a=00;36:*.mid=00;36:*.midi=00;36:*.mka=00;36:*.mp3=00;36:*.mpc=00;36:*.ogg=00;36:*.ra=00;36:*.wav=00;36:*.oga=00;36:*.opus=00;36:*.spx=00;36:*.xspf=00;36:*~=00;90:*#=00;90:*.bak=00;90:*.crdownload=00;90:*.dpkg-dist=00;90:*.dpkg-new=00;90:*.dpkg-old=00;90:*.dpkg-tmp=00;90:*.old=00;90:*.orig=00;90:*.part=00;90:*.rej=00;90:*.rpmnew=00;90:*.rpmorig=00;90:*.rpmsave=00;90:*.swp=00;90:*.tmp=00;90:*.ucf-dist=00;90:*.ucf-new=00;90:*.ucf-old=00;90:', 'AMENT_PREFIX_PATH': '/opt/ros/jazzy', 'CONDA_PYTHON_EXE': '/home/rocketsky/miniconda3/bin/python', 'SHELL': '/bin/bash', 'LESSCLOSE': '/usr/bin/lesspipe %s %s', 'ROS_AUTOMATIC_DISCOVERY_RANGE': 'SUBNET', 'PWD': '/home/rocketsky/Library/ugv_ws/build/vizanti_msgs', 'CONDA_EXE': '/home/rocketsky/miniconda3/bin/conda', 'SSH_CONNECTION': '192.168.3.146 61253 192.168.3.151 22', 'XDG_DATA_DIRS': '/usr/share/gnome:/home/rocketsky/.local/share/flatpak/exports/share:/var/lib/flatpak/exports/share:/usr/local/share:/usr/share:/var/lib/snapd/desktop', 'PYTHONPATH': '/opt/ros/jazzy/lib/python3.12/site-packages', 'COLCON': '1', 'CMAKE_PREFIX_PATH': '/opt/ros/jazzy/opt/gz_math_vendor:/opt/ros/jazzy/opt/gz_utils_vendor:/opt/ros/jazzy/opt/gz_cmake_vendor:/opt/ros/jazzy'}), 'shell': False}
[0.034052] (apriltag) JobProgress: {'identifier': 'apriltag', 'progress': 'cmake'}
[0.034293] (apriltag) Command: {'cmd': ['/usr/bin/cmake', '/home/rocketsky/Library/ugv_ws/src/ugv_else/apriltag_ros/apriltag', '-DCMAKE_INSTALL_PREFIX=/home/rocketsky/Library/ugv_ws/install/apriltag'], 'cwd': '/home/rocketsky/Library/ugv_ws/build/apriltag', 'env': OrderedDict({'LESSOPEN': '| /usr/bin/lesspipe %s', 'USER': 'rocketsky', 'SSH_CLIENT': '192.168.3.146 61253 22', 'XDG_SESSION_TYPE': 'tty', 'SHLVL': '2', 'LD_LIBRARY_PATH': '/opt/ros/jazzy/opt/rviz_ogre_vendor/lib:/opt/ros/jazzy/lib/aarch64-linux-gnu:/opt/ros/jazzy/opt/gz_math_vendor/lib:/opt/ros/jazzy/opt/gz_utils_vendor/lib:/opt/ros/jazzy/opt/gz_cmake_vendor/lib:/opt/ros/jazzy/lib', 'HOME': '/home/rocketsky', 'CONDA_SHLVL': '0', 'OLDPWD': '/home/rocketsky/Library', 'SSH_TTY': '/dev/pts/0', 'ROS_PYTHON_VERSION': '3', 'DBUS_SESSION_BUS_ADDRESS': 'unix:path=/run/user/1002/bus', '_CE_M': '', 'DEBUGINFOD_URLS': 'https://debuginfod.ubuntu.com', 'ROS_DISTRO': 'jazzy', 'LOGNAME': 'rocketsky', '_': '/usr/bin/colcon', 'ROS_VERSION': '2', 'XDG_SESSION_CLASS': 'user', 'TERM': 'xterm-256color', 'XDG_SESSION_ID': '4', '_CE_CONDA': '', 'PATH': '/opt/ros/jazzy/bin:/home/rocketsky/miniconda3/condabin:/usr/local/sbin:/usr/local/bin:/usr/sbin:/usr/bin:/sbin:/bin:/usr/games:/usr/local/games:/snap/bin', 'XDG_RUNTIME_DIR': '/run/user/1002', 'LANG': 'C.UTF-8', 'LS_COLORS': 'rs=0:di=01;34:ln=01;36:mh=00:pi=40;33:so=01;35:do=01;35:bd=40;33;01:cd=40;33;01:or=40;31;01:mi=00:su=37;41:sg=30;43:ca=00:tw=30;42:ow=34;42:st=37;44:ex=01;32:*.tar=01;31:*.tgz=01;31:*.arc=01;31:*.arj=01;31:*.taz=01;31:*.lha=01;31:*.lz4=01;31:*.lzh=01;31:*.lzma=01;31:*.tlz=01;31:*.txz=01;31:*.tzo=01;31:*.t7z=01;31:*.zip=01;31:*.z=01;31:*.dz=01;31:*.gz=01;31:*.lrz=01;31:*.lz=01;31:*.lzo=01;31:*.xz=01;31:*.zst=01;31:*.tzst=01;31:*.bz2=01;31:*.bz=01;31:*.tbz=01;31:*.tbz2=01;31:*.tz=01;31:*.deb=01;31:*.rpm=01;31:*.jar=01;31:*.war=01;31:*.ear=01;31:*.sar=01;31:*.rar=01;31:*.alz=01;31:*.ace=01;31:*.zoo=01;31:*.cpio=01;31:*.7z=01;31:*.rz=01;31:*.cab=01;31:*.wim=01;31:*.swm=01;31:*.dwm=01;31:*.esd=01;31:*.avif=01;35:*.jpg=01;35:*.jpeg=01;35:*.mjpg=01;35:*.mjpeg=01;35:*.gif=01;35:*.bmp=01;35:*.pbm=01;35:*.pgm=01;35:*.ppm=01;35:*.tga=01;35:*.xbm=01;35:*.xpm=01;35:*.tif=01;35:*.tiff=01;35:*.png=01;35:*.svg=01;35:*.svgz=01;35:*.mng=01;35:*.pcx=01;35:*.mov=01;35:*.mpg=01;35:*.mpeg=01;35:*.m2v=01;35:*.mkv=01;35:*.webm=01;35:*.webp=01;35:*.ogm=01;35:*.mp4=01;35:*.m4v=01;35:*.mp4v=01;35:*.vob=01;35:*.qt=01;35:*.nuv=01;35:*.wmv=01;35:*.asf=01;35:*.rm=01;35:*.rmvb=01;35:*.flc=01;35:*.avi=01;35:*.fli=01;35:*.flv=01;35:*.gl=01;35:*.dl=01;35:*.xcf=01;35:*.xwd=01;35:*.yuv=01;35:*.cgm=01;35:*.emf=01;35:*.ogv=01;35:*.ogx=01;35:*.aac=00;36:*.au=00;36:*.flac=00;36:*.m4a=00;36:*.mid=00;36:*.midi=00;36:*.mka=00;36:*.mp3=00;36:*.mpc=00;36:*.ogg=00;36:*.ra=00;36:*.wav=00;36:*.oga=00;36:*.opus=00;36:*.spx=00;36:*.xspf=00;36:*~=00;90:*#=00;90:*.bak=00;90:*.crdownload=00;90:*.dpkg-dist=00;90:*.dpkg-new=00;90:*.dpkg-old=00;90:*.dpkg-tmp=00;90:*.old=00;90:*.orig=00;90:*.part=00;90:*.rej=00;90:*.rpmnew=00;90:*.rpmorig=00;90:*.rpmsave=00;90:*.swp=00;90:*.tmp=00;90:*.ucf-dist=00;90:*.ucf-new=00;90:*.ucf-old=00;90:', 'AMENT_PREFIX_PATH': '/opt/ros/jazzy', 'CONDA_PYTHON_EXE': '/home/rocketsky/miniconda3/bin/python', 'SHELL': '/bin/bash', 'LESSCLOSE': '/usr/bin/lesspipe %s %s', 'ROS_AUTOMATIC_DISCOVERY_RANGE': 'SUBNET', 'PWD': '/home/rocketsky/Library/ugv_ws/build/apriltag', 'CONDA_EXE': '/home/rocketsky/miniconda3/bin/conda', 'SSH_CONNECTION': '192.168.3.146 61253 192.168.3.151 22', 'XDG_DATA_DIRS': '/usr/share/gnome:/home/rocketsky/.local/share/flatpak/exports/share:/var/lib/flatpak/exports/share:/usr/local/share:/usr/share:/var/lib/snapd/desktop', 'PYTHONPATH': '/opt/ros/jazzy/lib/python3.12/site-packages', 'COLCON': '1', 'CMAKE_PREFIX_PATH': '/opt/ros/jazzy/opt/gz_math_vendor:/opt/ros/jazzy/opt/gz_utils_vendor:/opt/ros/jazzy/opt/gz_cmake_vendor:/opt/ros/jazzy'}), 'shell': False}
[0.043690] (apriltag_msgs) JobProgress: {'identifier': 'apriltag_msgs', 'progress': 'cmake'}
[0.043799] (apriltag_msgs) Command: {'cmd': ['/usr/bin/cmake', '/home/rocketsky/Library/ugv_ws/src/ugv_else/apriltag_ros/apriltag_msgs', '-DCMAKE_INSTALL_PREFIX=/home/rocketsky/Library/ugv_ws/install/apriltag_msgs'], 'cwd': '/home/rocketsky/Library/ugv_ws/build/apriltag_msgs', 'env': OrderedDict({'LESSOPEN': '| /usr/bin/lesspipe %s', 'USER': 'rocketsky', 'SSH_CLIENT': '192.168.3.146 61253 22', 'XDG_SESSION_TYPE': 'tty', 'SHLVL': '2', 'LD_LIBRARY_PATH': '/opt/ros/jazzy/opt/rviz_ogre_vendor/lib:/opt/ros/jazzy/lib/aarch64-linux-gnu:/opt/ros/jazzy/opt/gz_math_vendor/lib:/opt/ros/jazzy/opt/gz_utils_vendor/lib:/opt/ros/jazzy/opt/gz_cmake_vendor/lib:/opt/ros/jazzy/lib', 'HOME': '/home/rocketsky', 'CONDA_SHLVL': '0', 'OLDPWD': '/home/rocketsky/Library', 'SSH_TTY': '/dev/pts/0', 'ROS_PYTHON_VERSION': '3', 'DBUS_SESSION_BUS_ADDRESS': 'unix:path=/run/user/1002/bus', '_CE_M': '', 'DEBUGINFOD_URLS': 'https://debuginfod.ubuntu.com', 'ROS_DISTRO': 'jazzy', 'LOGNAME': 'rocketsky', '_': '/usr/bin/colcon', 'ROS_VERSION': '2', 'XDG_SESSION_CLASS': 'user', 'TERM': 'xterm-256color', 'XDG_SESSION_ID': '4', '_CE_CONDA': '', 'PATH': '/opt/ros/jazzy/bin:/home/rocketsky/miniconda3/condabin:/usr/local/sbin:/usr/local/bin:/usr/sbin:/usr/bin:/sbin:/bin:/usr/games:/usr/local/games:/snap/bin', 'XDG_RUNTIME_DIR': '/run/user/1002', 'LANG': 'C.UTF-8', 'LS_COLORS': 'rs=0:di=01;34:ln=01;36:mh=00:pi=40;33:so=01;35:do=01;35:bd=40;33;01:cd=40;33;01:or=40;31;01:mi=00:su=37;41:sg=30;43:ca=00:tw=30;42:ow=34;42:st=37;44:ex=01;32:*.tar=01;31:*.tgz=01;31:*.arc=01;31:*.arj=01;31:*.taz=01;31:*.lha=01;31:*.lz4=01;31:*.lzh=01;31:*.lzma=01;31:*.tlz=01;31:*.txz=01;31:*.tzo=01;31:*.t7z=01;31:*.zip=01;31:*.z=01;31:*.dz=01;31:*.gz=01;31:*.lrz=01;31:*.lz=01;31:*.lzo=01;31:*.xz=01;31:*.zst=01;31:*.tzst=01;31:*.bz2=01;31:*.bz=01;31:*.tbz=01;31:*.tbz2=01;31:*.tz=01;31:*.deb=01;31:*.rpm=01;31:*.jar=01;31:*.war=01;31:*.ear=01;31:*.sar=01;31:*.rar=01;31:*.alz=01;31:*.ace=01;31:*.zoo=01;31:*.cpio=01;31:*.7z=01;31:*.rz=01;31:*.cab=01;31:*.wim=01;31:*.swm=01;31:*.dwm=01;31:*.esd=01;31:*.avif=01;35:*.jpg=01;35:*.jpeg=01;35:*.mjpg=01;35:*.mjpeg=01;35:*.gif=01;35:*.bmp=01;35:*.pbm=01;35:*.pgm=01;35:*.ppm=01;35:*.tga=01;35:*.xbm=01;35:*.xpm=01;35:*.tif=01;35:*.tiff=01;35:*.png=01;35:*.svg=01;35:*.svgz=01;35:*.mng=01;35:*.pcx=01;35:*.mov=01;35:*.mpg=01;35:*.mpeg=01;35:*.m2v=01;35:*.mkv=01;35:*.webm=01;35:*.webp=01;35:*.ogm=01;35:*.mp4=01;35:*.m4v=01;35:*.mp4v=01;35:*.vob=01;35:*.qt=01;35:*.nuv=01;35:*.wmv=01;35:*.asf=01;35:*.rm=01;35:*.rmvb=01;35:*.flc=01;35:*.avi=01;35:*.fli=01;35:*.flv=01;35:*.gl=01;35:*.dl=01;35:*.xcf=01;35:*.xwd=01;35:*.yuv=01;35:*.cgm=01;35:*.emf=01;35:*.ogv=01;35:*.ogx=01;35:*.aac=00;36:*.au=00;36:*.flac=00;36:*.m4a=00;36:*.mid=00;36:*.midi=00;36:*.mka=00;36:*.mp3=00;36:*.mpc=00;36:*.ogg=00;36:*.ra=00;36:*.wav=00;36:*.oga=00;36:*.opus=00;36:*.spx=00;36:*.xspf=00;36:*~=00;90:*#=00;90:*.bak=00;90:*.crdownload=00;90:*.dpkg-dist=00;90:*.dpkg-new=00;90:*.dpkg-old=00;90:*.dpkg-tmp=00;90:*.old=00;90:*.orig=00;90:*.part=00;90:*.rej=00;90:*.rpmnew=00;90:*.rpmorig=00;90:*.rpmsave=00;90:*.swp=00;90:*.tmp=00;90:*.ucf-dist=00;90:*.ucf-new=00;90:*.ucf-old=00;90:', 'AMENT_PREFIX_PATH': '/opt/ros/jazzy', 'CONDA_PYTHON_EXE': '/home/rocketsky/miniconda3/bin/python', 'SHELL': '/bin/bash', 'LESSCLOSE': '/usr/bin/lesspipe %s %s', 'ROS_AUTOMATIC_DISCOVERY_RANGE': 'SUBNET', 'PWD': '/home/rocketsky/Library/ugv_ws/build/apriltag_msgs', 'CONDA_EXE': '/home/rocketsky/miniconda3/bin/conda', 'SSH_CONNECTION': '192.168.3.146 61253 192.168.3.151 22', 'XDG_DATA_DIRS': '/usr/share/gnome:/home/rocketsky/.local/share/flatpak/exports/share:/var/lib/flatpak/exports/share:/usr/local/share:/usr/share:/var/lib/snapd/desktop', 'PYTHONPATH': '/opt/ros/jazzy/lib/python3.12/site-packages', 'COLCON': '1', 'CMAKE_PREFIX_PATH': '/opt/ros/jazzy/opt/gz_math_vendor:/opt/ros/jazzy/opt/gz_utils_vendor:/opt/ros/jazzy/opt/gz_cmake_vendor:/opt/ros/jazzy'}), 'shell': False}
[0.099682] (-) TimerEvent: {}
[0.200099] (-) TimerEvent: {}
[0.300517] (-) TimerEvent: {}
[0.400946] (-) TimerEvent: {}
[0.501319] (-) TimerEvent: {}
[0.601644] (-) TimerEvent: {}
[0.702045] (-) TimerEvent: {}
[0.802435] (-) TimerEvent: {}
[0.902860] (-) TimerEvent: {}
[1.003252] (-) TimerEvent: {}
[1.103780] (-) TimerEvent: {}
[1.126002] (apriltag) StdoutLine: {'line': b'-- The C compiler identification is GNU 13.2.0\n'}
[1.126464] (vizanti_msgs) StdoutLine: {'line': b'-- The C compiler identification is GNU 13.2.0\n'}
[1.126655] (costmap_converter_msgs) StdoutLine: {'line': b'-- The C compiler identification is GNU 13.2.0\n'}
[1.129524] (apriltag_msgs) StdoutLine: {'line': b'-- The C compiler identification is GNU 13.2.0\n'}
[1.180360] (apriltag) StdoutLine: {'line': b'-- Detecting C compiler ABI info\n'}
[1.203879] (-) TimerEvent: {}
[1.304259] (-) TimerEvent: {}
[1.404666] (-) TimerEvent: {}
[2.970363] (vizanti_msgs) CommandEnded: {'returncode': -2}
[2.971577] (-) TimerEvent: {}
[3.037852] (vizanti_msgs) StderrLine: {'line': b'Traceback (most recent call last):\n  File "/usr/lib/python3/dist-packages/colcon_parallel_executor/executor/parallel.py", line 75, in execute\n    loop.run_until_complete(future)\n  File "/usr/lib/python3.12/asyncio/base_events.py", line 674, in run_until_complete\n    self.run_forever()\n  File "/usr/lib/python3.12/asyncio/base_events.py", line 641, in run_forever\n    self._run_once()\n  File "/usr/lib/python3.12/asyncio/base_events.py", line 1949, in _run_once\n    event_list = self._selector.select(timeout)\n                 ^^^^^^^^^^^^^^^^^^^^^^^^^^^^^^\n  File "/usr/lib/python3.12/selectors.py", line 468, in select\n    fd_event_list = self._selector.poll(timeout, max_ev)\n                    ^^^^^^^^^^^^^^^^^^^^^^^^^^^^^^^^^^^^\nKeyboardInterrupt\n\nDuring handling of the above exception, another exception occurred:\n\nTraceback (most recent call last):\n  File "/usr/lib/python3/dist-packages/colcon_core/executor/__init__.py", line 91, in __call__\n    rc = await self.task(*args, **kwargs)\n         ^^^^^^^^^^^^^^^^^^^^^^^^^^^^^^^^\n  File "/usr/lib/python3/dist-packages/colcon_core/task/__init__.py", line 93, in __call__\n    return await task_method(*args, **kwargs)\n           ^^^^^^^^^^^^^^^^^^^^^^^^^^^^^^^^^^\n  File "/usr/lib/python3/dist-packages/colcon_ros/task/ament_cmake/build.py", line 59, in build\n    rc = await extension.build(\n         ^^^^^^^^^^^^^^^^^^^^^^\n  File "/usr/lib/python3/dist-packages/colcon_cmake/task/cmake/build.py", line 87, in build\n    rc = await self._reconfigure(args, env)\n         ^^^^^^^^^^^^^^^^^^^^^^^^^^^^^^^^^^\n  File "/usr/lib/python3/dist-packages/colcon_cmake/task/cmake/build.py", line 182, in _reconfigure\n    buildfile = get_buildfile(cmake_cache)\n                ^^^^^^^^^^^^^^^^^^^^^^^^^^\n  File "/usr/lib/python3/dist-packages/colcon_cmake/task/cmake/__init__.py", line 114, in get_buildfile\n    if \'Visual Studio\' in generator:\n       ^^^^^^^^^^^^^^^^^^^^^^^^^^^^\nTypeError: argument of type \'NoneType\' is not iterable\n'}
[3.039569] (vizanti_msgs) JobEnded: {'identifier': 'vizanti_msgs', 'rc': 'SIGINT'}
[3.041221] (costmap_converter_msgs) CommandEnded: {'returncode': -2}
[3.042058] (costmap_converter_msgs) StderrLine: {'line': b'Traceback (most recent call last):\n  File "/usr/lib/python3/dist-packages/colcon_parallel_executor/executor/parallel.py", line 75, in execute\n    loop.run_until_complete(future)\n  File "/usr/lib/python3.12/asyncio/base_events.py", line 674, in run_until_complete\n    self.run_forever()\n  File "/usr/lib/python3.12/asyncio/base_events.py", line 641, in run_forever\n    self._run_once()\n  File "/usr/lib/python3.12/asyncio/base_events.py", line 1949, in _run_once\n    event_list = self._selector.select(timeout)\n                 ^^^^^^^^^^^^^^^^^^^^^^^^^^^^^^\n  File "/usr/lib/python3.12/selectors.py", line 468, in select\n    fd_event_list = self._selector.poll(timeout, max_ev)\n                    ^^^^^^^^^^^^^^^^^^^^^^^^^^^^^^^^^^^^\nKeyboardInterrupt\n\nDuring handling of the above exception, another exception occurred:\n\nTraceback (most recent call last):\n  File "/usr/lib/python3/dist-packages/colcon_core/executor/__init__.py", line 91, in __call__\n    rc = await self.task(*args, **kwargs)\n         ^^^^^^^^^^^^^^^^^^^^^^^^^^^^^^^^\n  File "/usr/lib/python3/dist-packages/colcon_core/task/__init__.py", line 93, in __call__\n    return await task_method(*args, **kwargs)\n           ^^^^^^^^^^^^^^^^^^^^^^^^^^^^^^^^^^\n  File "/usr/lib/python3/dist-packages/colcon_ros/task/ament_cmake/build.py", line 59, in build\n    rc = await extension.build(\n         ^^^^^^^^^^^^^^^^^^^^^^\n  File "/usr/lib/python3/dist-packages/colcon_cmake/task/cmake/build.py", line 87, in build\n    rc = await self._reconfigure(args, env)\n         ^^^^^^^^^^^^^^^^^^^^^^^^^^^^^^^^^^\n  File "/usr/lib/python3/dist-packages/colcon_cmake/task/cmake/build.py", line 182, in _reconfigure\n    buildfile = get_buildfile(cmake_cache)\n                ^^^^^^^^^^^^^^^^^^^^^^^^^^\n  File "/usr/lib/python3/dist-packages/colcon_cmake/task/cmake/__init__.py", line 114, in get_buildfile\n    if \'Visual Studio\' in generator:\n       ^^^^^^^^^^^^^^^^^^^^^^^^^^^^\nTypeError: argument of type \'NoneType\' is not iterable\n'}
[3.042277] (costmap_converter_msgs) JobEnded: {'identifier': 'costmap_converter_msgs', 'rc': 'SIGINT'}
[3.042720] (apriltag_msgs) JobEnded: {'identifier': 'apriltag_msgs', 'rc': 'SIGINT'}
[3.043125] (apriltag) JobEnded: {'identifier': 'apriltag', 'rc': 'SIGINT'}
[3.052640] (cartographer) JobSkipped: {'identifier': 'cartographer'}
[3.052782] (emcl2) JobSkipped: {'identifier': 'emcl2'}
[3.052864] (explore_lite) JobSkipped: {'identifier': 'explore_lite'}
[3.052892] (ldlidar) JobSkipped: {'identifier': 'ldlidar'}
[3.052916] (openslam_gmapping) JobSkipped: {'identifier': 'openslam_gmapping'}
[3.052939] (rf2o_laser_odometry) JobSkipped: {'identifier': 'rf2o_laser_odometry'}
[3.052962] (robot_pose_publisher) JobSkipped: {'identifier': 'robot_pose_publisher'}
[3.052985] (ugv_base_node) JobSkipped: {'identifier': 'ugv_base_node'}
[3.053007] (ugv_interface) JobSkipped: {'identifier': 'ugv_interface'}
[3.053030] (vizanti_cpp) JobSkipped: {'identifier': 'vizanti_cpp'}
[3.053052] (apriltag_ros) JobSkipped: {'identifier': 'apriltag_ros'}
[3.053074] (costmap_converter) JobSkipped: {'identifier': 'costmap_converter'}
[3.053097] (slam_gmapping) JobSkipped: {'identifier': 'slam_gmapping'}
[3.053119] (teb_msgs) JobSkipped: {'identifier': 'teb_msgs'}
[3.053141] (vizanti_demos) JobSkipped: {'identifier': 'vizanti_demos'}
[3.053163] (vizanti_server) JobSkipped: {'identifier': 'vizanti_server'}
[3.053185] (teb_local_planner) JobSkipped: {'identifier': 'teb_local_planner'}
[3.053207] (vizanti) JobSkipped: {'identifier': 'vizanti'}
[3.053231] (-) EventReactorShutdown: {}
